<?xml version="1.0" encoding="UTF-8"?>
<!-- Generated by org.testng.reporters.JUnitReportReporter -->
<testsuite hostname="chandrika" failures="0" tests="1" name="DriverFactory.AppTest" time="24.484" errors="0" timestamp="2024-07-08T13:22:53 IST" skipped="0">
  <testcase classname="DriverFactory.AppTest" name="starttest" time="24.484">
    <system-out>
      <![CDATA[no.of rows1
Customer-00000007988 Customer-00000007988]]>
    </system-out>
  </testcase> <!-- starttest -->
  <system-out>
    <![CDATA[no.of rows1
Customer-00000007988 Customer-00000007988]]>
  </system-out>
</testsuite> <!-- DriverFactory.AppTest -->
